[32mINFO    [0m integration.test_backups:test_backups.py:517 Getting original backup config
[32mINFO    [0m integration.test_backups:test_backups.py:524 Deleting the pod
[32mINFO    [0m httpx:_client.py:1026 HTTP Request: DELETE https://10.1.0.150:16443/api/v1/namespaces/test/pods/new-postgresql-k8s-0 "HTTP/1.1 200 OK"
[32mINFO    [0m juju.model:model.py:2958 Waiting for model:
  new-postgresql-k8s/0 [idle] active: Primary
[32mINFO    [0m juju.model:model.py:2958 Waiting for model:
  new-postgresql-k8s/0 [idle] waiting: awaiting for cluster to start
[32mINFO    [0m juju.model:model.py:2958 Waiting for model:
  new-postgresql-k8s/0 [idle] active: Primary
[32mINFO    [0m integration.test_backups:test_backups.py:80 deleting the previously created backups
[32mINFO    [0m pytest_operator.plugin:plugin.py:862 Model status:

Model  Controller          Cloud/Region        Version  SLA          Timestamp
test   microk8s-localhost  microk8s/localhost  3.1.8    unsupported  02:29:16Z

App                 Version  Status  Scale  Charm           Channel        Rev  Address         Exposed  Message
new-postgresql-k8s  14.11    active      1  postgresql-k8s                   3  10.152.183.235  no       Primary
s3-integrator                active      1  s3-integrator   latest/stable   17  10.152.183.132  no       

Unit                   Workload  Agent  Address      Ports  Message
new-postgresql-k8s/0*  active    idle   10.1.18.151         Primary
s3-integrator/0*       active    idle   10.1.18.136         

[32mINFO    [0m pytest_operator.plugin:plugin.py:868 Juju error logs:

unit-postgresql-k8s-aws-1: 01:58:36 ERROR unit.postgresql-k8s-aws/1.juju-log failed to patch k8s Endpoints patroni-postgresql-k8s-aws-config
Traceback (most recent call last):
  File "/var/lib/juju/agents/unit-postgresql-k8s-aws-1/charm/venv/lightkube/core/generic_client.py", line 188, in raise_for_status
    resp.raise_for_status()
  File "/var/lib/juju/agents/unit-postgresql-k8s-aws-1/charm/venv/httpx/_models.py", line 761, in raise_for_status
    raise HTTPStatusError(message, request=request, response=self)
httpx.HTTPStatusError: Client error '409 Conflict' for url 'https://10.152.183.1/api/v1/namespaces/test/endpoints/patroni-postgresql-k8s-aws-config?force=true&fieldManager=postgresql-k8s-aws'
For more information check: https://developer.mozilla.org/en-US/docs/Web/HTTP/Status/409

During handling of the above exception, another exception occurred:

Traceback (most recent call last):
  File "/var/lib/juju/agents/unit-postgresql-k8s-aws-1/charm/./src/charm.py", line 1103, in _on_stop
    client.apply(
  File "/var/lib/juju/agents/unit-postgresql-k8s-aws-1/charm/venv/lightkube/core/client.py", line 457, in apply
    return self.patch(type(obj), name, obj, namespace=namespace,
  File "/var/lib/juju/agents/unit-postgresql-k8s-aws-1/charm/venv/lightkube/core/client.py", line 325, in patch
    return self._client.request("patch", res=res, name=name, namespace=namespace, obj=obj,
  File "/var/lib/juju/agents/unit-postgresql-k8s-aws-1/charm/venv/lightkube/core/generic_client.py", line 245, in request
    return self.handle_response(method, resp, br)
  File "/var/lib/juju/agents/unit-postgresql-k8s-aws-1/charm/venv/lightkube/core/generic_client.py", line 196, in handle_response
    self.raise_for_status(resp)
  File "/var/lib/juju/agents/unit-postgresql-k8s-aws-1/charm/venv/lightkube/core/generic_client.py", line 190, in raise_for_status
    raise transform_exception(e)
lightkube.core.exceptions.ApiError: Operation cannot be fulfilled on endpoints "patroni-postgresql-k8s-aws-config": the object has been modified; please apply your changes to the latest version and try again
unit-postgresql-k8s-aws-1: 01:58:36 ERROR unit.postgresql-k8s-aws/1.juju-log failed to patch k8s Endpoints patroni-postgresql-k8s-aws-failover
Traceback (most recent call last):
  File "/var/lib/juju/agents/unit-postgresql-k8s-aws-1/charm/venv/lightkube/core/generic_client.py", line 188, in raise_for_status
    resp.raise_for_status()
  File "/var/lib/juju/agents/unit-postgresql-k8s-aws-1/charm/venv/httpx/_models.py", line 761, in raise_for_status
    raise HTTPStatusError(message, request=request, response=self)
httpx.HTTPStatusError: Client error '409 Conflict' for url 'https://10.152.183.1/api/v1/namespaces/test/endpoints/patroni-postgresql-k8s-aws-failover?force=true&fieldManager=postgresql-k8s-aws'
For more information check: https://developer.mozilla.org/en-US/docs/Web/HTTP/Status/409

During handling of the above exception, another exception occurred:

Traceback (most recent call last):
  File "/var/lib/juju/agents/unit-postgresql-k8s-aws-1/charm/./src/charm.py", line 1103, in _on_stop
    client.apply(
  File "/var/lib/juju/agents/unit-postgresql-k8s-aws-1/charm/venv/lightkube/core/client.py", line 457, in apply
    return self.patch(type(obj), name, obj, namespace=namespace,
  File "/var/lib/juju/agents/unit-postgresql-k8s-aws-1/charm/venv/lightkube/core/client.py", line 325, in patch
    return self._client.request("patch", res=res, name=name, namespace=namespace, obj=obj,
  File "/var/lib/juju/agents/unit-postgresql-k8s-aws-1/charm/venv/lightkube/core/generic_client.py", line 245, in request
    return self.handle_response(method, resp, br)
  File "/var/lib/juju/agents/unit-postgresql-k8s-aws-1/charm/venv/lightkube/core/generic_client.py", line 196, in handle_response
    self.raise_for_status(resp)
  File "/var/lib/juju/agents/unit-postgresql-k8s-aws-1/charm/venv/lightkube/core/generic_client.py", line 190, in raise_for_status
    raise transform_exception(e)
lightkube.core.exceptions.ApiError: Operation cannot be fulfilled on endpoints "patroni-postgresql-k8s-aws-failover": the object has been modified; please apply your changes to the latest version and try again
controller-0: 02:22:05 ERROR juju.worker.caasapplicationprovisioner.runner exited "postgresql-k8s-gcp": getting OCI image resources: unable to fetch OCI image resources for postgresql-k8s-gcp: application "postgresql-k8s-gcp" dying or dead
unit-new-postgresql-k8s-0: 02:25:51 ERROR unit.new-postgresql-k8s/0.juju-log s3-parameters:18: Failed to create a session 'bucket' in region=region.
Traceback (most recent call last):
  File "/var/lib/juju/agents/unit-new-postgresql-k8s-0/charm/src/backups.py", line 202, in _create_bucket_if_not_exists
    s3 = session.resource("s3", endpoint_url=self._construct_endpoint(s3_parameters))
  File "/var/lib/juju/agents/unit-new-postgresql-k8s-0/charm/venv/boto3/session.py", line 446, in resource
    client = self.client(
  File "/var/lib/juju/agents/unit-new-postgresql-k8s-0/charm/venv/boto3/session.py", line 299, in client
    return self._session.create_client(
  File "/var/lib/juju/agents/unit-new-postgresql-k8s-0/charm/venv/botocore/session.py", line 997, in create_client
    client = client_creator.create_client(
  File "/var/lib/juju/agents/unit-new-postgresql-k8s-0/charm/venv/botocore/client.py", line 161, in create_client
    client_args = self._get_client_args(
  File "/var/lib/juju/agents/unit-new-postgresql-k8s-0/charm/venv/botocore/client.py", line 520, in _get_client_args
    return args_creator.get_client_args(
  File "/var/lib/juju/agents/unit-new-postgresql-k8s-0/charm/venv/botocore/args.py", line 137, in get_client_args
    endpoint = endpoint_creator.create_endpoint(
  File "/var/lib/juju/agents/unit-new-postgresql-k8s-0/charm/venv/botocore/endpoint.py", line 402, in create_endpoint
    raise ValueError("Invalid endpoint: %s" % endpoint_url)
ValueError: Invalid endpoint: endpoint
unit-new-postgresql-k8s-0: 02:25:53 ERROR unit.new-postgresql-k8s/0.juju-log s3-parameters:18: Failed to create a session 'bucket' in region=region.
Traceback (most recent call last):
  File "/var/lib/juju/agents/unit-new-postgresql-k8s-0/charm/src/backups.py", line 202, in _create_bucket_if_not_exists
    s3 = session.resource("s3", endpoint_url=self._construct_endpoint(s3_parameters))
  File "/var/lib/juju/agents/unit-new-postgresql-k8s-0/charm/venv/boto3/session.py", line 446, in resource
    client = self.client(
  File "/var/lib/juju/agents/unit-new-postgresql-k8s-0/charm/venv/boto3/session.py", line 299, in client
    return self._session.create_client(
  File "/var/lib/juju/agents/unit-new-postgresql-k8s-0/charm/venv/botocore/session.py", line 997, in create_client
    client = client_creator.create_client(
  File "/var/lib/juju/agents/unit-new-postgresql-k8s-0/charm/venv/botocore/client.py", line 161, in create_client
    client_args = self._get_client_args(
  File "/var/lib/juju/agents/unit-new-postgresql-k8s-0/charm/venv/botocore/client.py", line 520, in _get_client_args
    return args_creator.get_client_args(
  File "/var/lib/juju/agents/unit-new-postgresql-k8s-0/charm/venv/botocore/args.py", line 137, in get_client_args
    endpoint = endpoint_creator.create_endpoint(
  File "/var/lib/juju/agents/unit-new-postgresql-k8s-0/charm/venv/botocore/endpoint.py", line 402, in create_endpoint
    raise ValueError("Invalid endpoint: %s" % endpoint_url)
ValueError: Invalid endpoint: endpoint
unit-new-postgresql-k8s-0: 02:27:54 ERROR unit.new-postgresql-k8s/0.juju-log Cluster upgrade failed, ensure pre-upgrade checks are ran first.
unit-new-postgresql-k8s-0: 02:28:16 ERROR unit.new-postgresql-k8s/0.juju-log failed to change plugins: 
Traceback (most recent call last):
  File "/var/lib/juju/agents/unit-new-postgresql-k8s-0/charm/lib/charms/postgresql_k8s/v0/postgresql.py", line 301, in enable_disable_extensions
    with self._connect_to_database() as connection, connection.cursor() as cursor:
  File "/var/lib/juju/agents/unit-new-postgresql-k8s-0/charm/lib/charms/postgresql_k8s/v0/postgresql.py", line 128, in _connect_to_database
    connection = psycopg2.connect(
  File "/var/lib/juju/agents/unit-new-postgresql-k8s-0/charm/venv/psycopg2/__init__.py", line 122, in connect
    conn = _connect(dsn, connection_factory=connection_factory, **kwasync)
psycopg2.OperationalError: connection to server at "new-postgresql-k8s-primary.test.svc.cluster.local" (10.152.183.54), port 5432 failed: Connection refused
	Is the server running on that host and accepting TCP/IP connections?


During handling of the above exception, another exception occurred:

Traceback (most recent call last):
  File "/var/lib/juju/agents/unit-new-postgresql-k8s-0/charm/./src/charm.py", line 551, in enable_disable_extensions
    self.postgresql.enable_disable_extensions(extensions, database)
  File "/var/lib/juju/agents/unit-new-postgresql-k8s-0/charm/lib/charms/postgresql_k8s/v0/postgresql.py", line 325, in enable_disable_extensions
    raise PostgreSQLEnableDisableExtensionError()
charms.postgresql_k8s.v0.postgresql.PostgreSQLEnableDisableExtensionError

[32mINFO    [0m pytest_operator.plugin:plugin.py:947 Forgetting model main...