[32mINFO    [0m integration.test_backups:test_backups.py:517 Getting original backup config
[32mINFO    [0m integration.test_backups:test_backups.py:524 Deleting the pod
[32mINFO    [0m httpx:_client.py:1026 HTTP Request: DELETE https://10.1.0.12:16443/api/v1/namespaces/test/pods/new-postgresql-k8s-0 "HTTP/1.1 200 OK"
[32mINFO    [0m juju.model:model.py:2958 Waiting for model:
  new-postgresql-k8s/0 [idle] active: Primary
[32mINFO    [0m juju.model:model.py:2958 Waiting for model:
  new-postgresql-k8s/0 [idle] waiting: awaiting for cluster to start
[32mINFO    [0m juju.model:model.py:2958 Waiting for model:
  new-postgresql-k8s/0 [idle] active: Primary
[32mINFO    [0m integration.test_backups:test_backups.py:80 deleting the previously created backups
[32mINFO    [0m pytest_operator.plugin:plugin.py:862 Model status:

Model  Controller          Cloud/Region        Version  SLA          Timestamp
test   microk8s-localhost  microk8s/localhost  3.1.8    unsupported  02:23:41Z

App                 Version  Status  Scale  Charm           Channel        Rev  Address         Exposed  Message
new-postgresql-k8s  14.11    active      1  postgresql-k8s                   3  10.152.183.107  no       Primary
s3-integrator                active      1  s3-integrator   latest/stable   17  10.152.183.62   no       

Unit                   Workload  Agent  Address     Ports  Message
new-postgresql-k8s/0*  active    idle   10.1.3.215         Primary
s3-integrator/0*       active    idle   10.1.3.200         

[32mINFO    [0m pytest_operator.plugin:plugin.py:868 Juju error logs:

unit-new-postgresql-k8s-0: 02:20:25 ERROR unit.new-postgresql-k8s/0.juju-log s3-parameters:18: Failed to create a session 'bucket' in region=region.
Traceback (most recent call last):
  File "/var/lib/juju/agents/unit-new-postgresql-k8s-0/charm/src/backups.py", line 202, in _create_bucket_if_not_exists
    s3 = session.resource("s3", endpoint_url=self._construct_endpoint(s3_parameters))
  File "/var/lib/juju/agents/unit-new-postgresql-k8s-0/charm/venv/boto3/session.py", line 446, in resource
    client = self.client(
  File "/var/lib/juju/agents/unit-new-postgresql-k8s-0/charm/venv/boto3/session.py", line 299, in client
    return self._session.create_client(
  File "/var/lib/juju/agents/unit-new-postgresql-k8s-0/charm/venv/botocore/session.py", line 997, in create_client
    client = client_creator.create_client(
  File "/var/lib/juju/agents/unit-new-postgresql-k8s-0/charm/venv/botocore/client.py", line 161, in create_client
    client_args = self._get_client_args(
  File "/var/lib/juju/agents/unit-new-postgresql-k8s-0/charm/venv/botocore/client.py", line 520, in _get_client_args
    return args_creator.get_client_args(
  File "/var/lib/juju/agents/unit-new-postgresql-k8s-0/charm/venv/botocore/args.py", line 137, in get_client_args
    endpoint = endpoint_creator.create_endpoint(
  File "/var/lib/juju/agents/unit-new-postgresql-k8s-0/charm/venv/botocore/endpoint.py", line 402, in create_endpoint
    raise ValueError("Invalid endpoint: %s" % endpoint_url)
ValueError: Invalid endpoint: endpoint
unit-new-postgresql-k8s-0: 02:20:26 ERROR unit.new-postgresql-k8s/0.juju-log s3-parameters:18: Failed to create a session 'bucket' in region=region.
Traceback (most recent call last):
  File "/var/lib/juju/agents/unit-new-postgresql-k8s-0/charm/src/backups.py", line 202, in _create_bucket_if_not_exists
    s3 = session.resource("s3", endpoint_url=self._construct_endpoint(s3_parameters))
  File "/var/lib/juju/agents/unit-new-postgresql-k8s-0/charm/venv/boto3/session.py", line 446, in resource
    client = self.client(
  File "/var/lib/juju/agents/unit-new-postgresql-k8s-0/charm/venv/boto3/session.py", line 299, in client
    return self._session.create_client(
  File "/var/lib/juju/agents/unit-new-postgresql-k8s-0/charm/venv/botocore/session.py", line 997, in create_client
    client = client_creator.create_client(
  File "/var/lib/juju/agents/unit-new-postgresql-k8s-0/charm/venv/botocore/client.py", line 161, in create_client
    client_args = self._get_client_args(
  File "/var/lib/juju/agents/unit-new-postgresql-k8s-0/charm/venv/botocore/client.py", line 520, in _get_client_args
    return args_creator.get_client_args(
  File "/var/lib/juju/agents/unit-new-postgresql-k8s-0/charm/venv/botocore/args.py", line 137, in get_client_args
    endpoint = endpoint_creator.create_endpoint(
  File "/var/lib/juju/agents/unit-new-postgresql-k8s-0/charm/venv/botocore/endpoint.py", line 402, in create_endpoint
    raise ValueError("Invalid endpoint: %s" % endpoint_url)
ValueError: Invalid endpoint: endpoint
unit-new-postgresql-k8s-0: 02:22:32 ERROR unit.new-postgresql-k8s/0.juju-log Cluster upgrade failed, ensure pre-upgrade checks are ran first.
unit-new-postgresql-k8s-0: 02:22:54 ERROR unit.new-postgresql-k8s/0.juju-log failed to change plugins: 
Traceback (most recent call last):
  File "/var/lib/juju/agents/unit-new-postgresql-k8s-0/charm/lib/charms/postgresql_k8s/v0/postgresql.py", line 301, in enable_disable_extensions
    with self._connect_to_database() as connection, connection.cursor() as cursor:
  File "/var/lib/juju/agents/unit-new-postgresql-k8s-0/charm/lib/charms/postgresql_k8s/v0/postgresql.py", line 128, in _connect_to_database
    connection = psycopg2.connect(
  File "/var/lib/juju/agents/unit-new-postgresql-k8s-0/charm/venv/psycopg2/__init__.py", line 122, in connect
    conn = _connect(dsn, connection_factory=connection_factory, **kwasync)
psycopg2.OperationalError: connection to server at "new-postgresql-k8s-primary.test.svc.cluster.local" (10.152.183.150), port 5432 failed: Connection refused
	Is the server running on that host and accepting TCP/IP connections?


During handling of the above exception, another exception occurred:

Traceback (most recent call last):
  File "/var/lib/juju/agents/unit-new-postgresql-k8s-0/charm/./src/charm.py", line 551, in enable_disable_extensions
    self.postgresql.enable_disable_extensions(extensions, database)
  File "/var/lib/juju/agents/unit-new-postgresql-k8s-0/charm/lib/charms/postgresql_k8s/v0/postgresql.py", line 325, in enable_disable_extensions
    raise PostgreSQLEnableDisableExtensionError()
charms.postgresql_k8s.v0.postgresql.PostgreSQLEnableDisableExtensionError

[32mINFO    [0m pytest_operator.plugin:plugin.py:947 Forgetting model main...