[32mINFO    [0m juju.model:model.py:2098 Deploying local:jammy/postgresql-k8s-1
[32mINFO    [0m juju.model:model.py:2958 Waiting for model:
  second-postgresql-k8s/0 [allocating] waiting: installing agent
  second-postgresql-k8s/1 [allocating] waiting: installing agent
[32mINFO    [0m juju.model:model.py:2958 Waiting for model:
  second-postgresql-k8s/0 [executing] waiting: awaiting for cluster to start
  second-postgresql-k8s/1 [executing] unknown: 
[32mINFO    [0m juju.model:model.py:2958 Waiting for model:
  second-postgresql-k8s/0 [executing] active: Primary
  second-postgresql-k8s/1 [idle] unknown: 
[32mINFO    [0m juju.model:model.py:2958 Waiting for model:
  second-postgresql-k8s/0 [executing] active: Primary
  second-postgresql-k8s/1 [idle] unknown: 
[32mINFO    [0m juju.model:model.py:2958 Waiting for model:
  second-postgresql-k8s/0 [executing] active: Primary
  second-postgresql-k8s/1 [idle] unknown: 
[32mINFO    [0m juju.model:model.py:2958 Waiting for model:
  second-postgresql-k8s/0 [idle] active: Primary
  second-postgresql-k8s/1 [idle] waiting: awaiting for cluster to start
[32mINFO    [0m juju.model:model.py:2958 Waiting for model:
  second-postgresql-k8s/0 [idle] active: Primary
  second-postgresql-k8s/1 [executing] active: 
[32mINFO    [0m juju.model:model.py:2958 Waiting for model:
  second-postgresql-k8s/1 [idle] active: 
[32mINFO    [0m httpx:_client.py:1026 HTTP Request: GET https://10.1.0.126:16443/api/v1/namespaces/test/pods/postgresql-k8s-2 "HTTP/1.1 200 OK"
[32mINFO    [0m httpx:_client.py:1026 HTTP Request: GET https://10.1.0.126:16443/api/v1/namespaces/test/pods/postgresql-k8s-2 "HTTP/1.1 200 OK"
[32mINFO    [0m httpx:_client.py:1026 HTTP Request: GET https://10.1.0.126:16443/api/v1/namespaces/test/pods/postgresql-k8s-0 "HTTP/1.1 200 OK"
[32mINFO    [0m httpx:_client.py:1026 HTTP Request: GET https://10.1.0.126:16443/api/v1/namespaces/test/pods/postgresql-k8s-2 "HTTP/1.1 200 OK"
[32mINFO    [0m pytest_operator.plugin:plugin.py:862 Model status:

Model  Controller          Cloud/Region        Version  SLA          Timestamp
test   microk8s-localhost  microk8s/localhost  3.1.8    unsupported  01:49:16Z

App                    Version  Status  Scale  Charm                Channel  Rev  Address         Exposed  Message
postgresql-k8s         14.11    active      3  postgresql-k8s                  0  10.152.183.49   no       Primary
postgresql-test-app             active      1  postgresql-test-app  edge     136  10.152.183.155  no       received database credentials of the first database
second-postgresql-k8s  14.11    active      2  postgresql-k8s                  1  10.152.183.231  no       Primary

Unit                      Workload  Agent  Address       Ports  Message
postgresql-k8s/0          active    idle   10.1.217.139         Primary
postgresql-k8s/1*         active    idle   10.1.217.143         
postgresql-k8s/2          active    idle   10.1.217.140         
postgresql-test-app/0*    active    idle   10.1.217.142         received database credentials of the first database
second-postgresql-k8s/0*  active    idle   10.1.217.146         Primary
second-postgresql-k8s/1   active    idle   10.1.217.147         

[32mINFO    [0m pytest_operator.plugin:plugin.py:868 Juju error logs:

unit-postgresql-k8s-1: 01:43:09 ERROR unit.postgresql-k8s/1.juju-log Cluster upgrade failed, ensure pre-upgrade checks are ran first.
unit-second-postgresql-k8s-0: 01:46:01 ERROR unit.second-postgresql-k8s/0.juju-log failed to change plugins: 
Traceback (most recent call last):
  File "/var/lib/juju/agents/unit-second-postgresql-k8s-0/charm/lib/charms/postgresql_k8s/v0/postgresql.py", line 301, in enable_disable_extensions
    with self._connect_to_database() as connection, connection.cursor() as cursor:
  File "/var/lib/juju/agents/unit-second-postgresql-k8s-0/charm/lib/charms/postgresql_k8s/v0/postgresql.py", line 128, in _connect_to_database
    connection = psycopg2.connect(
  File "/var/lib/juju/agents/unit-second-postgresql-k8s-0/charm/venv/psycopg2/__init__.py", line 122, in connect
    conn = _connect(dsn, connection_factory=connection_factory, **kwasync)
psycopg2.OperationalError: connection to server at "second-postgresql-k8s-primary.test.svc.cluster.local" (10.152.183.54), port 5432 failed: Connection refused
	Is the server running on that host and accepting TCP/IP connections?


During handling of the above exception, another exception occurred:

Traceback (most recent call last):
  File "/var/lib/juju/agents/unit-second-postgresql-k8s-0/charm/./src/charm.py", line 551, in enable_disable_extensions
    self.postgresql.enable_disable_extensions(extensions, database)
  File "/var/lib/juju/agents/unit-second-postgresql-k8s-0/charm/lib/charms/postgresql_k8s/v0/postgresql.py", line 325, in enable_disable_extensions
    raise PostgreSQLEnableDisableExtensionError()
charms.postgresql_k8s.v0.postgresql.PostgreSQLEnableDisableExtensionError
unit-second-postgresql-k8s-0: 01:46:15 ERROR unit.second-postgresql-k8s/0.juju-log failed to change plugins: 
Traceback (most recent call last):
  File "/var/lib/juju/agents/unit-second-postgresql-k8s-0/charm/lib/charms/postgresql_k8s/v0/postgresql.py", line 301, in enable_disable_extensions
    with self._connect_to_database() as connection, connection.cursor() as cursor:
  File "/var/lib/juju/agents/unit-second-postgresql-k8s-0/charm/lib/charms/postgresql_k8s/v0/postgresql.py", line 128, in _connect_to_database
    connection = psycopg2.connect(
  File "/var/lib/juju/agents/unit-second-postgresql-k8s-0/charm/venv/psycopg2/__init__.py", line 122, in connect
    conn = _connect(dsn, connection_factory=connection_factory, **kwasync)
psycopg2.OperationalError: connection to server at "second-postgresql-k8s-primary.test.svc.cluster.local" (10.152.183.54), port 5432 failed: Connection refused
	Is the server running on that host and accepting TCP/IP connections?


During handling of the above exception, another exception occurred:

Traceback (most recent call last):
  File "/var/lib/juju/agents/unit-second-postgresql-k8s-0/charm/./src/charm.py", line 551, in enable_disable_extensions
    self.postgresql.enable_disable_extensions(extensions, database)
  File "/var/lib/juju/agents/unit-second-postgresql-k8s-0/charm/lib/charms/postgresql_k8s/v0/postgresql.py", line 325, in enable_disable_extensions
    raise PostgreSQLEnableDisableExtensionError()
charms.postgresql_k8s.v0.postgresql.PostgreSQLEnableDisableExtensionError

[32mINFO    [0m pytest_operator.plugin:plugin.py:947 Forgetting model main...