[32mINFO    [0m integration.test_backups:test_backups.py:378 Getting original backup config
[32mINFO    [0m integration.test_backups:test_backups.py:385 Deleting the pod
[32mINFO    [0m httpx:_client.py:1026 HTTP Request: DELETE https://10.1.0.31:16443/api/v1/namespaces/test/pods/new-postgresql-k8s-0 "HTTP/1.1 200 OK"
[32mINFO    [0m juju.model:model.py:2972 Waiting for model:
  new-postgresql-k8s/0 [idle] active: Primary
[32mINFO    [0m juju.model:model.py:2972 Waiting for model:
  new-postgresql-k8s/0 [idle] waiting: awaiting for cluster to start
[32mINFO    [0m juju.model:model.py:2972 Waiting for model:
  new-postgresql-k8s/0 [idle] active: Primary
[32mINFO    [0m integration.test_backups:test_backups.py:88 deleting the previously created backups
[32mINFO    [0m pytest_operator.plugin:plugin.py:903 Model status:

Model  Controller          Cloud/Region        Version  SLA          Timestamp
test   microk8s-localhost  microk8s/localhost  3.4.5    unsupported  02:05:16Z

App                 Version  Status  Scale  Charm           Channel        Rev  Address         Exposed  Message
new-postgresql-k8s  14.12    active      1  postgresql-k8s                   2  10.152.183.151  no       
s3-integrator                active      1  s3-integrator   latest/stable   24  10.152.183.227  no       

Unit                   Workload  Agent  Address     Ports  Message
new-postgresql-k8s/0*  active    idle   10.1.40.82         Primary
s3-integrator/0*       active    idle   10.1.40.72         

[32mINFO    [0m pytest_operator.plugin:plugin.py:909 Juju error logs:

unit-postgresql-k8s-gcp-0: 01:54:36 ERROR unit.postgresql-k8s-gcp/0.juju-log restart:2: Uncaught exception while in charm code:
Traceback (most recent call last):
  File "/var/lib/juju/agents/unit-postgresql-k8s-gcp-0/charm/venv/ops/model.py", line 3187, in _run
    result = subprocess.run(args, **kwargs)  # type: ignore
  File "/usr/lib/python3.10/subprocess.py", line 526, in run
    raise CalledProcessError(retcode, process.args,
subprocess.CalledProcessError: Command '('/var/lib/juju/tools/unit-postgresql-k8s-gcp-0/secret-get', '--label', 'database-peers.postgresql-k8s-gcp.unit', '--refresh', '--format=json')' returned non-zero exit status 1.

The above exception was the direct cause of the following exception:

Traceback (most recent call last):
  File "/var/lib/juju/agents/unit-postgresql-k8s-gcp-0/charm/venv/ops/model.py", line 3552, in secret_get
    result = self._run('secret-get', *args, return_output=True, use_json=True)
  File "/var/lib/juju/agents/unit-postgresql-k8s-gcp-0/charm/venv/ops/model.py", line 3189, in _run
    raise ModelError(e.stderr) from e
ops.model.ModelError: ERROR secret "secret:cqqn5onsur7s7b6pnt9g" not found


The above exception was the direct cause of the following exception:

Traceback (most recent call last):
  File "/var/lib/juju/agents/unit-postgresql-k8s-gcp-0/charm/./src/charm.py", line 2071, in <module>
    main(PostgresqlOperatorCharm, use_juju_for_storage=True)
  File "/var/lib/juju/agents/unit-postgresql-k8s-gcp-0/charm/venv/ops/main.py", line 549, in main
    manager = _Manager(charm_class, use_juju_for_storage=use_juju_for_storage)
  File "/var/lib/juju/agents/unit-postgresql-k8s-gcp-0/charm/venv/ops/main.py", line 432, in __init__
    self.charm = self._make_charm(self.framework, self.dispatcher)
  File "/var/lib/juju/agents/unit-postgresql-k8s-gcp-0/charm/venv/ops/main.py", line 435, in _make_charm
    charm = self._charm_class(framework)
  File "/var/lib/juju/agents/unit-postgresql-k8s-gcp-0/charm/lib/charms/tempo_k8s/v1/charm_tracing.py", line 376, in wrap_init
    original_init(self, framework, *args, **kwargs)
  File "/var/lib/juju/agents/unit-postgresql-k8s-gcp-0/charm/./src/charm.py", line 213, in __init__
    jobs=self._generate_metrics_jobs(self.is_tls_enabled),
  File "/var/lib/juju/agents/unit-postgresql-k8s-gcp-0/charm/./src/charm.py", line 1469, in is_tls_enabled
    return all(self.tls.get_tls_files())
  File "/var/lib/juju/agents/unit-postgresql-k8s-gcp-0/charm/lib/charms/tempo_k8s/v1/charm_tracing.py", line 647, in wrapped_function
    return callable(*args, **kwargs)  # type: ignore
  File "/var/lib/juju/agents/unit-postgresql-k8s-gcp-0/charm/lib/charms/postgresql_k8s/v0/postgresql_tls.py", line 215, in get_tls_files
    ca = self.charm.get_secret(SCOPE, "ca")
  File "/var/lib/juju/agents/unit-postgresql-k8s-gcp-0/charm/lib/charms/tempo_k8s/v1/charm_tracing.py", line 647, in wrapped_function
    return callable(*args, **kwargs)  # type: ignore
  File "/var/lib/juju/agents/unit-postgresql-k8s-gcp-0/charm/./src/charm.py", line 312, in get_secret
    if result := self.peer_relation_data(scope).fetch_my_relation_field(peers.id, key):
  File "/var/lib/juju/agents/unit-postgresql-k8s-gcp-0/charm/lib/charms/data_platform_libs/v0/data_interfaces.py", line 1260, in fetch_my_relation_field
    if relation_data := self.fetch_my_relation_data([relation_id], [field], relation_name):
  File "/var/lib/juju/agents/unit-postgresql-k8s-gcp-0/charm/lib/charms/data_platform_libs/v0/data_interfaces.py", line 1249, in fetch_my_relation_data
    data[relation.id] = self._fetch_my_specific_relation_data(relation, fields)
  File "/var/lib/juju/agents/unit-postgresql-k8s-gcp-0/charm/lib/charms/data_platform_libs/v0/data_interfaces.py", line 534, in wrapper
    return f(self, *args, **kwargs)
  File "/var/lib/juju/agents/unit-postgresql-k8s-gcp-0/charm/lib/charms/data_platform_libs/v0/data_interfaces.py", line 2083, in _fetch_my_specific_relation_data
    self.component, self.secret_fields, relation, fields
  File "/var/lib/juju/agents/unit-postgresql-k8s-gcp-0/charm/lib/charms/data_platform_libs/v0/data_interfaces.py", line 1817, in secret_fields
    self.static_secret_fields if self.static_secret_fields else self.current_secret_fields
  File "/var/lib/juju/agents/unit-postgresql-k8s-gcp-0/charm/lib/charms/data_platform_libs/v0/data_interfaces.py", line 1836, in current_secret_fields
    if content := self._get_group_secret_contents(relation, group):
  File "/var/lib/juju/agents/unit-postgresql-k8s-gcp-0/charm/lib/charms/data_platform_libs/v0/data_interfaces.py", line 2070, in _get_group_secret_contents
    result = super()._get_group_secret_contents(relation, group, secret_fields)
  File "/var/lib/juju/agents/unit-postgresql-k8s-gcp-0/charm/lib/charms/data_platform_libs/v0/data_interfaces.py", line 1001, in _get_group_secret_contents
    secret_data := secret.get_content()
  File "/var/lib/juju/agents/unit-postgresql-k8s-gcp-0/charm/lib/charms/data_platform_libs/v0/data_interfaces.py", line 623, in get_content
    self._secret_content = self.meta.get_content(refresh=True)
  File "/var/lib/juju/agents/unit-postgresql-k8s-gcp-0/charm/venv/ops/model.py", line 1392, in get_content
    self._content = self._backend.secret_get(id=self.id, label=self.label, refresh=refresh)
  File "/var/lib/juju/agents/unit-postgresql-k8s-gcp-0/charm/venv/ops/model.py", line 3555, in secret_get
    raise SecretNotFoundError() from e
ops.model.SecretNotFoundError
unit-postgresql-k8s-gcp-0: 01:54:36 ERROR juju.worker.uniter.operation hook "restart-relation-changed" (via hook dispatching script: dispatch) failed: exit status 1
unit-new-postgresql-k8s-0: 02:02:03 ERROR unit.new-postgresql-k8s/0.juju-log s3-parameters:13: Failed to create a session 'bucket' in region=region.
Traceback (most recent call last):
  File "/var/lib/juju/agents/unit-new-postgresql-k8s-0/charm/src/backups.py", line 233, in _create_bucket_if_not_exists
    s3 = session.resource(
  File "/var/lib/juju/agents/unit-new-postgresql-k8s-0/charm/venv/boto3/session.py", line 444, in resource
    client = self.client(
  File "/var/lib/juju/agents/unit-new-postgresql-k8s-0/charm/venv/boto3/session.py", line 297, in client
    return self._session.create_client(
  File "/var/lib/juju/agents/unit-new-postgresql-k8s-0/charm/venv/botocore/session.py", line 997, in create_client
    client = client_creator.create_client(
  File "/var/lib/juju/agents/unit-new-postgresql-k8s-0/charm/venv/botocore/client.py", line 161, in create_client
    client_args = self._get_client_args(
  File "/var/lib/juju/agents/unit-new-postgresql-k8s-0/charm/venv/botocore/client.py", line 520, in _get_client_args
    return args_creator.get_client_args(
  File "/var/lib/juju/agents/unit-new-postgresql-k8s-0/charm/venv/botocore/args.py", line 138, in get_client_args
    endpoint = endpoint_creator.create_endpoint(
  File "/var/lib/juju/agents/unit-new-postgresql-k8s-0/charm/venv/botocore/endpoint.py", line 400, in create_endpoint
    raise ValueError(f"Invalid endpoint: {endpoint_url}")
ValueError: Invalid endpoint: endpoint
unit-new-postgresql-k8s-0: 02:02:19 ERROR unit.new-postgresql-k8s/0.juju-log s3-parameters:13: Failed to create a session 'bucket' in region=region.
Traceback (most recent call last):
  File "/var/lib/juju/agents/unit-new-postgresql-k8s-0/charm/src/backups.py", line 233, in _create_bucket_if_not_exists
    s3 = session.resource(
  File "/var/lib/juju/agents/unit-new-postgresql-k8s-0/charm/venv/boto3/session.py", line 444, in resource
    client = self.client(
  File "/var/lib/juju/agents/unit-new-postgresql-k8s-0/charm/venv/boto3/session.py", line 297, in client
    return self._session.create_client(
  File "/var/lib/juju/agents/unit-new-postgresql-k8s-0/charm/venv/botocore/session.py", line 997, in create_client
    client = client_creator.create_client(
  File "/var/lib/juju/agents/unit-new-postgresql-k8s-0/charm/venv/botocore/client.py", line 161, in create_client
    client_args = self._get_client_args(
  File "/var/lib/juju/agents/unit-new-postgresql-k8s-0/charm/venv/botocore/client.py", line 520, in _get_client_args
    return args_creator.get_client_args(
  File "/var/lib/juju/agents/unit-new-postgresql-k8s-0/charm/venv/botocore/args.py", line 138, in get_client_args
    endpoint = endpoint_creator.create_endpoint(
  File "/var/lib/juju/agents/unit-new-postgresql-k8s-0/charm/venv/botocore/endpoint.py", line 400, in create_endpoint
    raise ValueError(f"Invalid endpoint: {endpoint_url}")
ValueError: Invalid endpoint: endpoint
unit-new-postgresql-k8s-0: 02:03:55 ERROR unit.new-postgresql-k8s/0.juju-log Cluster upgrade failed, ensure pre-upgrade checks are ran first.
unit-new-postgresql-k8s-0: 02:04:17 ERROR unit.new-postgresql-k8s/0.juju-log failed to change plugins: 
Traceback (most recent call last):
  File "/var/lib/juju/agents/unit-new-postgresql-k8s-0/charm/lib/charms/postgresql_k8s/v0/postgresql.py", line 307, in enable_disable_extensions
    with self._connect_to_database() as connection, connection.cursor() as cursor:
  File "/var/lib/juju/agents/unit-new-postgresql-k8s-0/charm/lib/charms/tempo_k8s/v1/charm_tracing.py", line 647, in wrapped_function
    return callable(*args, **kwargs)  # type: ignore
  File "/var/lib/juju/agents/unit-new-postgresql-k8s-0/charm/lib/charms/postgresql_k8s/v0/postgresql.py", line 131, in _connect_to_database
    connection = psycopg2.connect(
  File "/var/lib/juju/agents/unit-new-postgresql-k8s-0/charm/venv/psycopg2/__init__.py", line 122, in connect
    conn = _connect(dsn, connection_factory=connection_factory, **kwasync)
psycopg2.OperationalError: connection to server at "new-postgresql-k8s-primary.test.svc.cluster.local" (10.152.183.249), port 5432 failed: Connection refused
	Is the server running on that host and accepting TCP/IP connections?


During handling of the above exception, another exception occurred:

Traceback (most recent call last):
  File "/var/lib/juju/agents/unit-new-postgresql-k8s-0/charm/./src/charm.py", line 663, in _handle_enable_disable_extensions
    self.postgresql.enable_disable_extensions(extensions, database)
  File "/var/lib/juju/agents/unit-new-postgresql-k8s-0/charm/lib/charms/tempo_k8s/v1/charm_tracing.py", line 647, in wrapped_function
    return callable(*args, **kwargs)  # type: ignore
  File "/var/lib/juju/agents/unit-new-postgresql-k8s-0/charm/lib/charms/postgresql_k8s/v0/postgresql.py", line 333, in enable_disable_extensions
    raise PostgreSQLEnableDisableExtensionError()
charms.postgresql_k8s.v0.postgresql.PostgreSQLEnableDisableExtensionError

[32mINFO    [0m pytest_operator.plugin:plugin.py:991 Forgetting model main...