[32mINFO    [0m integration.test_backups:test_backups.py:77 deleting the previously created backups
[32mINFO    [0m pytest_operator.plugin:plugin.py:784 Model status:

Model  Controller          Cloud/Region        Version  SLA          Timestamp
test   microk8s-localhost  microk8s/localhost  3.1.7    unsupported  01:54:42Z

App                       Version  Status   Scale  Charm                     Channel        Rev  Address         Exposed  Message
postgresql-k8s-aws        14.10    waiting      1  postgresql-k8s                             0  10.152.183.197  no       installing agent
s3-integrator                      active       1  s3-integrator             latest/stable   13  10.152.183.179  no       
self-signed-certificates           active       1  self-signed-certificates  latest/stable   72  10.152.183.226  no       

Unit                         Workload     Agent  Address      Ports  Message
postgresql-k8s-aws/0*        maintenance  idle   10.1.113.76         Executing restart operation
s3-integrator/0*             active       idle   10.1.113.72         
self-signed-certificates/0*  active       idle   10.1.113.73         

[32mINFO    [0m pytest_operator.plugin:plugin.py:790 Juju error logs:

unit-postgresql-k8s-aws-1: 01:37:42 ERROR unit.postgresql-k8s-aws/1.juju-log certificates:5: Non-existing secret cauth was attempted to be removed.
unit-postgresql-k8s-aws-1: 01:37:42 ERROR unit.postgresql-k8s-aws/1.juju-log certificates:5: Can't update secret for relation 3
unit-postgresql-k8s-aws-1: 01:37:42 ERROR unit.postgresql-k8s-aws/1.juju-log certificates:5: Non-existing field 'cauth' was attempted to be removed from the databag (relation ID: 3)
unit-postgresql-k8s-aws-1: 01:37:42 ERROR unit.postgresql-k8s-aws/1.juju-log certificates:5: Non-existing secret cert was attempted to be removed.
unit-postgresql-k8s-aws-1: 01:37:42 ERROR unit.postgresql-k8s-aws/1.juju-log certificates:5: Can't update secret for relation 3
unit-postgresql-k8s-aws-1: 01:37:42 ERROR unit.postgresql-k8s-aws/1.juju-log certificates:5: Non-existing field 'cert' was attempted to be removed from the databag (relation ID: 3)
unit-postgresql-k8s-aws-1: 01:37:42 ERROR unit.postgresql-k8s-aws/1.juju-log certificates:5: Non-existing secret chain was attempted to be removed.
unit-postgresql-k8s-aws-1: 01:37:42 ERROR unit.postgresql-k8s-aws/1.juju-log certificates:5: Can't update secret for relation 3
unit-postgresql-k8s-aws-1: 01:37:42 ERROR unit.postgresql-k8s-aws/1.juju-log certificates:5: Non-existing field 'chain' was attempted to be removed from the databag (relation ID: 3)
unit-postgresql-k8s-aws-1: 01:37:56 ERROR unit.postgresql-k8s-aws/1.juju-log failed to patch k8s Endpoints patroni-postgresql-k8s-aws
Traceback (most recent call last):
  File "/var/lib/juju/agents/unit-postgresql-k8s-aws-1/charm/venv/lightkube/core/generic_client.py", line 188, in raise_for_status
    resp.raise_for_status()
  File "/var/lib/juju/agents/unit-postgresql-k8s-aws-1/charm/venv/httpx/_models.py", line 759, in raise_for_status
    raise HTTPStatusError(message, request=request, response=self)
httpx.HTTPStatusError: Client error '409 Conflict' for url 'https://10.152.183.1/api/v1/namespaces/test/endpoints/patroni-postgresql-k8s-aws?force=true&fieldManager=postgresql-k8s-aws'
For more information check: https://developer.mozilla.org/en-US/docs/Web/HTTP/Status/409

During handling of the above exception, another exception occurred:

Traceback (most recent call last):
  File "/var/lib/juju/agents/unit-postgresql-k8s-aws-1/charm/./src/charm.py", line 1006, in _on_stop
    client.apply(
  File "/var/lib/juju/agents/unit-postgresql-k8s-aws-1/charm/venv/lightkube/core/client.py", line 457, in apply
    return self.patch(type(obj), name, obj, namespace=namespace,
  File "/var/lib/juju/agents/unit-postgresql-k8s-aws-1/charm/venv/lightkube/core/client.py", line 325, in patch
    return self._client.request("patch", res=res, name=name, namespace=namespace, obj=obj,
  File "/var/lib/juju/agents/unit-postgresql-k8s-aws-1/charm/venv/lightkube/core/generic_client.py", line 245, in request
    return self.handle_response(method, resp, br)
  File "/var/lib/juju/agents/unit-postgresql-k8s-aws-1/charm/venv/lightkube/core/generic_client.py", line 196, in handle_response
    self.raise_for_status(resp)
  File "/var/lib/juju/agents/unit-postgresql-k8s-aws-1/charm/venv/lightkube/core/generic_client.py", line 190, in raise_for_status
    raise transform_exception(e)
lightkube.core.exceptions.ApiError: Operation cannot be fulfilled on endpoints "patroni-postgresql-k8s-aws": the object has been modified; please apply your changes to the latest version and try again

[32mINFO    [0m pytest_operator.plugin:plugin.py:856 Forgetting main...