[32mINFO    [0m juju.model:model.py:2087 Deploying ch:amd64/focal/indico-169
[32mINFO    [0m juju.model:model.py:2087 Deploying ch:amd64/focal/redis-k8s-7
[32mINFO    [0m juju.model:model.py:2087 Deploying ch:amd64/focal/redis-k8s-7
[33mWARNING [0m juju.model:model.py:1553 relate is deprecated and will be removed. Use integrate instead.
[33mWARNING [0m juju.model:model.py:1553 relate is deprecated and will be removed. Use integrate instead.
[32mINFO    [0m juju.model:model.py:2947 Waiting for model:
  indico/0 [allocating] waiting: installing agent
[32mINFO    [0m juju.model:model.py:2947 Waiting for model:
  indico/0 [executing] waiting: Waiting for redis-broker availability
[32mINFO    [0m juju.model:model.py:2947 Waiting for model:
  indico/0 [idle] waiting: Waiting for database availability
[32mINFO    [0m integration.new_relations.test_new_relations:test_new_relations.py:693 Verifying that the charm doesn't block when the extensions are enabled
[32mINFO    [0m juju.model:model.py:2947 Waiting for model:
  database/0 [executing] active: Primary
  database/1 [executing] active: 
  database/2 [executing] blocked: Failed to initialize database relation
[32mINFO    [0m juju.model:model.py:2947 Waiting for model:
  database/0 [idle] active: Primary
  database/1 [idle] active: 
  database/2 [idle] blocked: Failed to initialize database relation
[32mINFO    [0m juju.model:model.py:2947 Waiting for model:
  database/0 [idle] active: Primary
  database/1 [idle] active: 
  database/2 [idle] blocked: Failed to initialize database relation
[32mINFO    [0m juju.model:model.py:2947 Waiting for model:
  database/0 [idle] active: Primary
  database/1 [idle] active: 
  database/2 [idle] blocked: Failed to initialize database relation
[32mINFO    [0m juju.model:model.py:2947 Waiting for model:
  database/0 [idle] active: Primary
  database/1 [idle] active: 
  database/2 [idle] blocked: Failed to initialize database relation
[32mINFO    [0m juju.model:model.py:2947 Waiting for model:
  database/0 [idle] active: Primary
  database/1 [idle] active: 
  database/2 [idle] blocked: Failed to initialize database relation
[32mINFO    [0m juju.model:model.py:2947 Waiting for model:
  database/0 [idle] active: Primary
  database/1 [idle] active: 
  database/2 [idle] blocked: Failed to initialize database relation
[32mINFO    [0m juju.model:model.py:2947 Waiting for model:
  database/0 [idle] active: Primary
  database/1 [idle] active: 
  database/2 [idle] blocked: Failed to initialize database relation
[32mINFO    [0m juju.model:model.py:2947 Waiting for model:
  database/0 [idle] active: Primary
  database/1 [idle] active: 
  database/2 [idle] blocked: Failed to initialize database relation
[32mINFO    [0m juju.model:model.py:2947 Waiting for model:
  database/0 [idle] active: Primary
  database/1 [idle] active: 
  database/2 [idle] blocked: Failed to initialize database relation
[32mINFO    [0m juju.model:model.py:2947 Waiting for model:
  database/0 [idle] active: Primary
  database/1 [idle] active: 
  database/2 [idle] blocked: Failed to initialize database relation
[32mINFO    [0m juju.model:model.py:2947 Waiting for model:
  database/0 [idle] active: Primary
  database/1 [idle] active: 
  database/2 [idle] blocked: Failed to initialize database relation
[32mINFO    [0m juju.model:model.py:2947 Waiting for model:
  database/0 [idle] active: Primary
  database/1 [idle] active: 
  database/2 [idle] blocked: Failed to initialize database relation
[32mINFO    [0m juju.model:model.py:2947 Waiting for model:
  database/0 [idle] active: Primary
  database/1 [idle] active: 
  database/2 [idle] blocked: Failed to initialize database relation
[32mINFO    [0m juju.model:model.py:2947 Waiting for model:
  database/0 [idle] active: Primary
  database/1 [idle] active: 
  database/2 [idle] blocked: Failed to initialize database relation
[32mINFO    [0m juju.model:model.py:2947 Waiting for model:
  database/0 [idle] active: Primary
  database/1 [idle] active: 
  database/2 [idle] blocked: Failed to initialize database relation
[32mINFO    [0m juju.model:model.py:2947 Waiting for model:
  database/0 [idle] active: Primary
  database/1 [idle] active: 
  database/2 [idle] blocked: Failed to initialize database relation
[32mINFO    [0m juju.model:model.py:2947 Waiting for model:
  database/0 [idle] active: Primary
  database/1 [idle] active: 
  database/2 [idle] blocked: Failed to initialize database relation
[32mINFO    [0m juju.model:model.py:2947 Waiting for model:
  database/0 [idle] active: Primary
  database/1 [idle] active: 
  database/2 [idle] blocked: Failed to initialize database relation
[32mINFO    [0m juju.model:model.py:2947 Waiting for model:
  database/0 [idle] active: Primary
  database/1 [idle] active: 
  database/2 [idle] blocked: Failed to initialize database relation
[32mINFO    [0m pytest_operator.plugin:plugin.py:784 Model status:

Model  Controller          Cloud/Region        Version  SLA          Timestamp
test   microk8s-localhost  microk8s/localhost  3.1.7    unsupported  02:06:50Z

App                      Version               Status   Scale  Charm                Channel        Rev  Address         Exposed  Message
another-application                            active       1  postgresql-test-app  edge            50  10.152.183.199  no       received database credentials of the first database
another-data-integrator                        waiting      1  data-integrator      latest/stable   13  10.152.183.128  no       installing agent
another-database         14.10                 active       3  postgresql-k8s                        0  10.152.183.17   no       
data-integrator                                waiting      1  data-integrator      latest/stable   13  10.152.183.99   no       installing agent
database                 14.10                 waiting      3  postgresql-k8s                        1  10.152.183.152  no       installing agent
discourse-k8s                                  waiting      1  discourse-k8s        latest/stable   82  10.152.183.138  no       installing agent
indico                                         waiting      1  indico               stable         169  10.152.183.163  no       installing agent
postgresql-test-app                            active       2  postgresql-test-app  edge            50  10.152.183.77   no       received database credentials of the first database
redis-broker             ubuntu/redis@691f315  active       1  redis-k8s            stable           7                  no       
redis-cache              ubuntu/redis@691f315  active       1  redis-k8s            stable           7                  no       
redis-k8s                7.0.4                 active       1  redis-k8s            latest/edge     27  10.152.183.22   no       

Unit                        Workload  Agent  Address      Ports     Message
another-application/0*      active    idle   10.1.121.22            received database credentials of the first database
another-data-integrator/0*  blocked   idle   10.1.121.26            Please relate the data-integrator with the desired product
another-database/0*         active    idle   10.1.121.19            Primary
another-database/1          active    idle   10.1.121.21            
another-database/2          active    idle   10.1.121.20            
data-integrator/0*          blocked   idle   10.1.121.25            Please relate the data-integrator with the desired product
database/0                  active    idle   10.1.121.16            Primary
database/1                  active    idle   10.1.121.23            
database/2*                 blocked   idle   10.1.121.24            Failed to initialize database relation
discourse-k8s/0*            waiting   idle   10.1.121.27            Waiting for database relation
indico/0*                   waiting   idle   10.1.121.32            Waiting for database availability
postgresql-test-app/0       active    idle   10.1.121.8             received database credentials of the first database
postgresql-test-app/1*      active    idle   10.1.121.9             received database credentials of the first database
redis-broker/0*             active    idle   10.1.121.34  6379/TCP  
redis-cache/0*              active    idle   10.1.121.36  6379/TCP  
redis-k8s/0*                active    idle   10.1.121.29            

[32mINFO    [0m pytest_operator.plugin:plugin.py:790 Juju error logs:

unit-database-1: 01:34:46 ERROR unit.database/1.juju-log failed to patch k8s Endpoints database
Traceback (most recent call last):
  File "/var/lib/juju/agents/unit-database-1/charm/venv/lightkube/core/generic_client.py", line 188, in raise_for_status
    resp.raise_for_status()
  File "/var/lib/juju/agents/unit-database-1/charm/venv/httpx/_models.py", line 759, in raise_for_status
    raise HTTPStatusError(message, request=request, response=self)
httpx.HTTPStatusError: Client error '409 Conflict' for url 'https://10.152.183.1/api/v1/namespaces/test/endpoints/database?force=true&fieldManager=database'
For more information check: https://developer.mozilla.org/en-US/docs/Web/HTTP/Status/409

During handling of the above exception, another exception occurred:

Traceback (most recent call last):
  File "/var/lib/juju/agents/unit-database-1/charm/./src/charm.py", line 1004, in _on_stop
    client.apply(
  File "/var/lib/juju/agents/unit-database-1/charm/venv/lightkube/core/client.py", line 457, in apply
    return self.patch(type(obj), name, obj, namespace=namespace,
  File "/var/lib/juju/agents/unit-database-1/charm/venv/lightkube/core/client.py", line 325, in patch
    return self._client.request("patch", res=res, name=name, namespace=namespace, obj=obj,
  File "/var/lib/juju/agents/unit-database-1/charm/venv/lightkube/core/generic_client.py", line 245, in request
    return self.handle_response(method, resp, br)
  File "/var/lib/juju/agents/unit-database-1/charm/venv/lightkube/core/generic_client.py", line 196, in handle_response
    self.raise_for_status(resp)
  File "/var/lib/juju/agents/unit-database-1/charm/venv/lightkube/core/generic_client.py", line 190, in raise_for_status
    raise transform_exception(e)
lightkube.core.exceptions.ApiError: Operation cannot be fulfilled on endpoints "database": the object has been modified; please apply your changes to the latest version and try again
unit-database-1: 01:34:46 ERROR unit.database/1.juju-log failed to patch k8s Endpoints patroni-database
Traceback (most recent call last):
  File "/var/lib/juju/agents/unit-database-1/charm/venv/lightkube/core/generic_client.py", line 188, in raise_for_status
    resp.raise_for_status()
  File "/var/lib/juju/agents/unit-database-1/charm/venv/httpx/_models.py", line 759, in raise_for_status
    raise HTTPStatusError(message, request=request, response=self)
httpx.HTTPStatusError: Client error '409 Conflict' for url 'https://10.152.183.1/api/v1/namespaces/test/endpoints/patroni-database?force=true&fieldManager=database'
For more information check: https://developer.mozilla.org/en-US/docs/Web/HTTP/Status/409

During handling of the above exception, another exception occurred:

Traceback (most recent call last):
  File "/var/lib/juju/agents/unit-database-1/charm/./src/charm.py", line 1004, in _on_stop
    client.apply(
  File "/var/lib/juju/agents/unit-database-1/charm/venv/lightkube/core/client.py", line 457, in apply
    return self.patch(type(obj), name, obj, namespace=namespace,
  File "/var/lib/juju/agents/unit-database-1/charm/venv/lightkube/core/client.py", line 325, in patch
    return self._client.request("patch", res=res, name=name, namespace=namespace, obj=obj,
  File "/var/lib/juju/agents/unit-database-1/charm/venv/lightkube/core/generic_client.py", line 245, in request
    return self.handle_response(method, resp, br)
  File "/var/lib/juju/agents/unit-database-1/charm/venv/lightkube/core/generic_client.py", line 196, in handle_response
    self.raise_for_status(resp)
  File "/var/lib/juju/agents/unit-database-1/charm/venv/lightkube/core/generic_client.py", line 190, in raise_for_status
    raise transform_exception(e)
lightkube.core.exceptions.ApiError: Operation cannot be fulfilled on endpoints "patroni-database": the object has been modified; please apply your changes to the latest version and try again
unit-database-1: 01:34:46 ERROR unit.database/1.juju-log failed to patch k8s Service patroni-database-config
Traceback (most recent call last):
  File "/var/lib/juju/agents/unit-database-1/charm/venv/lightkube/core/generic_client.py", line 188, in raise_for_status
    resp.raise_for_status()
  File "/var/lib/juju/agents/unit-database-1/charm/venv/httpx/_models.py", line 759, in raise_for_status
    raise HTTPStatusError(message, request=request, response=self)
httpx.HTTPStatusError: Client error '409 Conflict' for url 'https://10.152.183.1/api/v1/namespaces/test/services/patroni-database-config?force=true&fieldManager=database'
For more information check: https://developer.mozilla.org/en-US/docs/Web/HTTP/Status/409

During handling of the above exception, another exception occurred:

Traceback (most recent call last):
  File "/var/lib/juju/agents/unit-database-1/charm/./src/charm.py", line 1004, in _on_stop
    client.apply(
  File "/var/lib/juju/agents/unit-database-1/charm/venv/lightkube/core/client.py", line 457, in apply
    return self.patch(type(obj), name, obj, namespace=namespace,
  File "/var/lib/juju/agents/unit-database-1/charm/venv/lightkube/core/client.py", line 325, in patch
    return self._client.request("patch", res=res, name=name, namespace=namespace, obj=obj,
  File "/var/lib/juju/agents/unit-database-1/charm/venv/lightkube/core/generic_client.py", line 245, in request
    return self.handle_response(method, resp, br)
  File "/var/lib/juju/agents/unit-database-1/charm/venv/lightkube/core/generic_client.py", line 196, in handle_response
    self.raise_for_status(resp)
  File "/var/lib/juju/agents/unit-database-1/charm/venv/lightkube/core/generic_client.py", line 190, in raise_for_status
    raise transform_exception(e)
lightkube.core.exceptions.ApiError: Operation cannot be fulfilled on services "patroni-database-config": the object has been modified; please apply your changes to the latest version and try again
unit-database-0: 01:43:26 ERROR unit.database/0.juju-log database:20: Invalid extra user roles: test
unit-database-0: 01:43:26 ERROR unit.database/0.juju-log database:20: invalid role(s) for extra user roles
Traceback (most recent call last):
  File "/var/lib/juju/agents/unit-database-0/charm/src/relations/postgresql_provider.py", line 90, in _on_database_requested
    self.charm.postgresql.create_user(user, password, extra_user_roles=extra_user_roles)
  File "/var/lib/juju/agents/unit-database-0/charm/lib/charms/postgresql_k8s/v0/postgresql.py", line 221, in create_user
    raise PostgreSQLCreateUserError(INVALID_EXTRA_USER_ROLE_BLOCKING_MESSAGE)
charms.postgresql_k8s.v0.postgresql.PostgreSQLCreateUserError: invalid role(s) for extra user roles
unit-database-0: 01:43:29 ERROR unit.database/0.juju-log database:21: Invalid extra user roles: test
unit-database-0: 01:43:29 ERROR unit.database/0.juju-log database:21: invalid role(s) for extra user roles
Traceback (most recent call last):
  File "/var/lib/juju/agents/unit-database-0/charm/src/relations/postgresql_provider.py", line 90, in _on_database_requested
    self.charm.postgresql.create_user(user, password, extra_user_roles=extra_user_roles)
  File "/var/lib/juju/agents/unit-database-0/charm/lib/charms/postgresql_k8s/v0/postgresql.py", line 221, in create_user
    raise PostgreSQLCreateUserError(INVALID_EXTRA_USER_ROLE_BLOCKING_MESSAGE)
charms.postgresql_k8s.v0.postgresql.PostgreSQLCreateUserError: invalid role(s) for extra user roles
unit-redis-k8s-0: 01:45:12 ERROR unit.redis-k8s/0.juju-log redis-peers:23: Error when connecting to sentinel: Error 111 connecting to 0.0.0.0:26379. Connection refused.
unit-redis-k8s-0: 01:45:12 ERROR unit.redis-k8s/0.juju-log redis-peers:23: Unit redis-k8s/0 doesn't agree on tracked master
unit-redis-k8s-0: 01:45:12 ERROR unit.redis-k8s/0.juju-log redis-peers:23: Error when connecting to sentinel: Error 111 connecting to localhost:26379. Connection refused.
unit-database-2: 01:45:40 ERROR unit.database/2.juju-log database:25: Failed to create user: connection to server at "database-primary.test.svc.cluster.local" (10.152.183.38), port 5432 failed: Connection refused
	Is the server running on that host and accepting TCP/IP connections?

unit-database-2: 01:45:40 ERROR unit.database/2.juju-log database:25: None
Traceback (most recent call last):
  File "/var/lib/juju/agents/unit-database-2/charm/lib/charms/postgresql_k8s/v0/postgresql.py", line 223, in create_user
    with self._connect_to_database() as connection, connection.cursor() as cursor:
  File "/var/lib/juju/agents/unit-database-2/charm/lib/charms/postgresql_k8s/v0/postgresql.py", line 127, in _connect_to_database
    connection = psycopg2.connect(
  File "/var/lib/juju/agents/unit-database-2/charm/venv/psycopg2/__init__.py", line 122, in connect
    conn = _connect(dsn, connection_factory=connection_factory, **kwasync)
psycopg2.OperationalError: connection to server at "database-primary.test.svc.cluster.local" (10.152.183.38), port 5432 failed: Connection refused
	Is the server running on that host and accepting TCP/IP connections?


During handling of the above exception, another exception occurred:

Traceback (most recent call last):
  File "/var/lib/juju/agents/unit-database-2/charm/src/relations/postgresql_provider.py", line 90, in _on_database_requested
    self.charm.postgresql.create_user(user, password, extra_user_roles=extra_user_roles)
  File "/var/lib/juju/agents/unit-database-2/charm/lib/charms/postgresql_k8s/v0/postgresql.py", line 245, in create_user
    raise PostgreSQLCreateUserError()
charms.postgresql_k8s.v0.postgresql.PostgreSQLCreateUserError: None
application-redis-broker: 01:56:17 ERROR unit.redis-broker/0.juju-log redis:28: Uncaught exception while in charm code:
Traceback (most recent call last):
  File "./src/charm.py", line 159, in <module>
    main(RedisCharm)
  File "/var/lib/juju/agents/unit-redis-broker-0/charm/venv/ops/main.py", line 402, in main
    _emit_charm_event(charm, dispatcher.event_name)
  File "/var/lib/juju/agents/unit-redis-broker-0/charm/venv/ops/main.py", line 140, in _emit_charm_event
    event_to_emit.emit(*args, **kwargs)
  File "/var/lib/juju/agents/unit-redis-broker-0/charm/venv/ops/framework.py", line 278, in emit
    framework._emit(event)
  File "/var/lib/juju/agents/unit-redis-broker-0/charm/venv/ops/framework.py", line 722, in _emit
    self._reemit(event_path)
  File "/var/lib/juju/agents/unit-redis-broker-0/charm/venv/ops/framework.py", line 767, in _reemit
    custom_handler(event)
  File "/var/lib/juju/agents/unit-redis-broker-0/charm/lib/charms/redis_k8s/v0/redis.py", line 91, in _on_relation_changed
    event.relation.data[self.model.unit]['hostname'] = str(self._bind_address(event))
  File "/var/lib/juju/agents/unit-redis-broker-0/charm/lib/charms/redis_k8s/v0/redis.py", line 103, in _bind_address
    return self.app.name
AttributeError: 'RedisProvides' object has no attribute 'app'
application-redis-broker: 01:56:18 ERROR juju.worker.caasoperator.uniter.redis-broker/0.operation hook "redis-relation-changed" (via hook dispatching script: dispatch) failed: exit status 1
application-redis-cache: 01:56:23 ERROR unit.redis-cache/0.juju-log redis:27: Uncaught exception while in charm code:
Traceback (most recent call last):
  File "./src/charm.py", line 159, in <module>
    main(RedisCharm)
  File "/var/lib/juju/agents/unit-redis-cache-0/charm/venv/ops/main.py", line 402, in main
    _emit_charm_event(charm, dispatcher.event_name)
  File "/var/lib/juju/agents/unit-redis-cache-0/charm/venv/ops/main.py", line 140, in _emit_charm_event
    event_to_emit.emit(*args, **kwargs)
  File "/var/lib/juju/agents/unit-redis-cache-0/charm/venv/ops/framework.py", line 278, in emit
    framework._emit(event)
  File "/var/lib/juju/agents/unit-redis-cache-0/charm/venv/ops/framework.py", line 722, in _emit
    self._reemit(event_path)
  File "/var/lib/juju/agents/unit-redis-cache-0/charm/venv/ops/framework.py", line 767, in _reemit
    custom_handler(event)
  File "/var/lib/juju/agents/unit-redis-cache-0/charm/lib/charms/redis_k8s/v0/redis.py", line 91, in _on_relation_changed
    event.relation.data[self.model.unit]['hostname'] = str(self._bind_address(event))
  File "/var/lib/juju/agents/unit-redis-cache-0/charm/lib/charms/redis_k8s/v0/redis.py", line 103, in _bind_address
    return self.app.name
AttributeError: 'RedisProvides' object has no attribute 'app'
application-redis-cache: 01:56:23 ERROR juju.worker.caasoperator.uniter.redis-cache/0.operation hook "redis-relation-changed" (via hook dispatching script: dispatch) failed: exit status 1

[32mINFO    [0m pytest_operator.plugin:plugin.py:856 Forgetting main...