[32mINFO    [0m integration.ha_tests.test_self_healing:test_self_healing.py:421 scaling database to zero units
[32mINFO    [0m integration.ha_tests.test_self_healing:test_self_healing.py:425 scaling database to three units
[32mINFO    [0m juju.model:model.py:2971 Waiting for model:
  postgresql-k8s (waiting for exactly 3 units, current : 0)
[32mINFO    [0m juju.model:model.py:2971 Waiting for model:
  postgresql-k8s/0 [executing] maintenance: installing charm software
  postgresql-k8s/1 [executing] waiting: awaiting for cluster to start
  postgresql-k8s/2 [executing] maintenance: installing charm software
[32mINFO    [0m juju.model:model.py:2971 Waiting for model:
  postgresql-k8s/0 [idle] unknown: 
  postgresql-k8s/1 [executing] waiting: awaiting for primary endpoint to be ready
  postgresql-k8s/2 [idle] unknown: 
[32mINFO    [0m juju.model:model.py:2971 Waiting for model:
  postgresql-k8s/0 [idle] unknown: 
  postgresql-k8s/1 [executing] waiting: awaiting for primary endpoint to be ready
  postgresql-k8s/2 [idle] unknown: 
[32mINFO    [0m juju.model:model.py:2971 Waiting for model:
  postgresql-k8s/0 [idle] unknown: 
  postgresql-k8s/1 [idle] active: Primary
  postgresql-k8s/2 [idle] unknown: 
[32mINFO    [0m juju.model:model.py:2971 Waiting for model:
  postgresql-k8s/0 [idle] waiting: awaiting for cluster to start
  postgresql-k8s/1 [idle] active: Primary
  postgresql-k8s/2 [idle] waiting: awaiting for cluster to start
[32mINFO    [0m juju.model:model.py:2971 Waiting for model:
  postgresql-k8s/0 [executing] active: 
  postgresql-k8s/1 [executing] active: Primary
  postgresql-k8s/2 [idle] active: 
[32mINFO    [0m juju.model:model.py:2971 Waiting for model:
  postgresql-k8s/0 [idle] active: 
  postgresql-k8s/1 [idle] active: Primary
  postgresql-k8s/2 [idle] active: 
[32mINFO    [0m juju.model:model.py:2971 Waiting for model:
  postgresql-k8s/0 [executing] active: 
  postgresql-k8s/1 [executing] active: Primary
  postgresql-k8s/2 [executing] active: 
[32mINFO    [0m integration.ha_tests.test_self_healing:test_self_healing.py:429 waiting for the database service to start in all units
[32mINFO    [0m integration.ha_tests.test_self_healing:test_self_healing.py:435 checking whether writes are increasing
[32mINFO    [0m httpx:_client.py:1026 HTTP Request: GET https://10.1.0.67:16443/api/v1/namespaces/test/pods/postgresql-k8s-0 "HTTP/1.1 200 OK"
[32mINFO    [0m httpx:_client.py:1026 HTTP Request: GET https://10.1.0.67:16443/api/v1/namespaces/test/pods/postgresql-k8s-1 "HTTP/1.1 200 OK"
[32mINFO    [0m httpx:_client.py:1026 HTTP Request: GET https://10.1.0.67:16443/api/v1/namespaces/test/pods/postgresql-k8s-0 "HTTP/1.1 200 OK"
[32mINFO    [0m httpx:_client.py:1026 HTTP Request: GET https://10.1.0.67:16443/api/v1/namespaces/test/pods/postgresql-k8s-1 "HTTP/1.1 200 OK"
[32mINFO    [0m httpx:_client.py:1026 HTTP Request: GET https://10.1.0.67:16443/api/v1/namespaces/test/pods/postgresql-k8s-0 "HTTP/1.1 200 OK"
[32mINFO    [0m httpx:_client.py:1026 HTTP Request: GET https://10.1.0.67:16443/api/v1/namespaces/test/pods/postgresql-k8s-1 "HTTP/1.1 200 OK"
[32mINFO    [0m integration.ha_tests.test_self_healing:test_self_healing.py:439 checking whether all units are part of the same cluster
[32mINFO    [0m httpx:_client.py:1026 HTTP Request: GET https://10.1.0.67:16443/api/v1/namespaces/test/pods/postgresql-k8s-0 "HTTP/1.1 200 OK"
[32mINFO    [0m httpx:_client.py:1026 HTTP Request: GET https://10.1.0.67:16443/api/v1/namespaces/test/pods/postgresql-k8s-1 "HTTP/1.1 200 OK"
[32mINFO    [0m httpx:_client.py:1026 HTTP Request: GET https://10.1.0.67:16443/api/v1/namespaces/test/pods/postgresql-k8s-2 "HTTP/1.1 200 OK"
[32mINFO    [0m httpx:_client.py:1026 HTTP Request: GET https://10.1.0.67:16443/api/v1/namespaces/test/pods/postgresql-k8s-0 "HTTP/1.1 200 OK"
[32mINFO    [0m httpx:_client.py:1026 HTTP Request: GET https://10.1.0.67:16443/api/v1/namespaces/test/pods/postgresql-k8s-1 "HTTP/1.1 200 OK"
[32mINFO    [0m httpx:_client.py:1026 HTTP Request: GET https://10.1.0.67:16443/api/v1/namespaces/test/pods/postgresql-k8s-2 "HTTP/1.1 200 OK"
[32mINFO    [0m httpx:_client.py:1026 HTTP Request: GET https://10.1.0.67:16443/api/v1/namespaces/test/pods/postgresql-k8s-0 "HTTP/1.1 200 OK"
[32mINFO    [0m httpx:_client.py:1026 HTTP Request: GET https://10.1.0.67:16443/api/v1/namespaces/test/pods/postgresql-k8s-1 "HTTP/1.1 200 OK"
[32mINFO    [0m httpx:_client.py:1026 HTTP Request: GET https://10.1.0.67:16443/api/v1/namespaces/test/pods/postgresql-k8s-2 "HTTP/1.1 200 OK"
[32mINFO    [0m integration.ha_tests.test_self_healing:test_self_healing.py:448 checking whether no writes to the database were missed after stopping the writes
[32mINFO    [0m httpx:_client.py:1026 HTTP Request: GET https://10.1.0.67:16443/api/v1/namespaces/test/pods/postgresql-k8s-0 "HTTP/1.1 200 OK"
[32mINFO    [0m httpx:_client.py:1026 HTTP Request: GET https://10.1.0.67:16443/api/v1/namespaces/test/pods/postgresql-k8s-1 "HTTP/1.1 200 OK"
[32mINFO    [0m pytest_operator.plugin:plugin.py:862 Model status:

Model  Controller          Cloud/Region        Version  SLA          Timestamp
test   microk8s-localhost  microk8s/localhost  3.4.3    unsupported  02:08:16Z

App                  Version  Status  Scale  Charm                Channel      Rev  Address         Exposed  Message
postgresql-k8s       14.11    active      3  postgresql-k8s                      0  10.152.183.182  no       
postgresql-test-app           active      1  postgresql-test-app  latest/edge  172  10.152.183.155  no       received database credentials of the first database

Unit                    Workload  Agent  Address       Ports  Message
postgresql-k8s/0        active    idle   10.1.166.147         
postgresql-k8s/1*       active    idle   10.1.166.149         Primary
postgresql-k8s/2        active    idle   10.1.166.148         
postgresql-test-app/0*  active    idle   10.1.166.139         received database credentials of the first database

[32mINFO    [0m pytest_operator.plugin:plugin.py:868 Juju error logs:

unit-postgresql-k8s-1: 02:01:24 ERROR juju.worker.dependency "api-caller" manifold worker returned unexpected error: [c38f3f] "unit-postgresql-k8s-1" cannot open api: try was stopped
unit-postgresql-k8s-1: 02:01:31 ERROR juju.worker.dependency "api-caller" manifold worker returned unexpected error: [c38f3f] "unit-postgresql-k8s-1" cannot open api: try was stopped
unit-postgresql-k8s-1: 02:01:39 ERROR juju.worker.dependency "api-caller" manifold worker returned unexpected error: [c38f3f] "unit-postgresql-k8s-1" cannot open api: cannot resolve "controller-service.controller-microk8s-localhost.svc.cluster.local": lookup controller-service.controller-microk8s-localhost.svc.cluster.local: i/o timeout
unit-postgresql-k8s-1: 02:01:47 ERROR juju.worker.dependency "api-caller" manifold worker returned unexpected error: [c38f3f] "unit-postgresql-k8s-1" cannot open api: cannot resolve "controller-service.controller-microk8s-localhost.svc.cluster.local": lookup controller-service.controller-microk8s-localhost.svc.cluster.local: i/o timeout
unit-postgresql-k8s-0: 02:02:48 ERROR unit.postgresql-k8s/0.juju-log failed to patch k8s Endpoints postgresql-k8s-replicas
Traceback (most recent call last):
  File "/var/lib/juju/agents/unit-postgresql-k8s-0/charm/venv/lightkube/core/generic_client.py", line 188, in raise_for_status
    resp.raise_for_status()
  File "/var/lib/juju/agents/unit-postgresql-k8s-0/charm/venv/httpx/_models.py", line 761, in raise_for_status
    raise HTTPStatusError(message, request=request, response=self)
httpx.HTTPStatusError: Client error '409 Conflict' for url 'https://10.152.183.1/api/v1/namespaces/test/endpoints/postgresql-k8s-replicas?force=true&fieldManager=postgresql-k8s'
For more information check: https://developer.mozilla.org/en-US/docs/Web/HTTP/Status/409

During handling of the above exception, another exception occurred:

Traceback (most recent call last):
  File "/var/lib/juju/agents/unit-postgresql-k8s-0/charm/./src/charm.py", line 1218, in _on_stop
    client.apply(
  File "/var/lib/juju/agents/unit-postgresql-k8s-0/charm/venv/lightkube/core/client.py", line 457, in apply
    return self.patch(type(obj), name, obj, namespace=namespace,
  File "/var/lib/juju/agents/unit-postgresql-k8s-0/charm/venv/lightkube/core/client.py", line 325, in patch
    return self._client.request("patch", res=res, name=name, namespace=namespace, obj=obj,
  File "/var/lib/juju/agents/unit-postgresql-k8s-0/charm/venv/lightkube/core/generic_client.py", line 245, in request
    return self.handle_response(method, resp, br)
  File "/var/lib/juju/agents/unit-postgresql-k8s-0/charm/venv/lightkube/core/generic_client.py", line 196, in handle_response
    self.raise_for_status(resp)
  File "/var/lib/juju/agents/unit-postgresql-k8s-0/charm/venv/lightkube/core/generic_client.py", line 190, in raise_for_status
    raise transform_exception(e)
lightkube.core.exceptions.ApiError: Operation cannot be fulfilled on endpoints "postgresql-k8s-replicas": the object has been modified; please apply your changes to the latest version and try again
unit-postgresql-k8s-1: 02:03:17 ERROR unit.postgresql-k8s/1.juju-log failed to change plugins: 
Traceback (most recent call last):
  File "/var/lib/juju/agents/unit-postgresql-k8s-1/charm/lib/charms/postgresql_k8s/v0/postgresql.py", line 307, in enable_disable_extensions
    with self._connect_to_database() as connection, connection.cursor() as cursor:
  File "/var/lib/juju/agents/unit-postgresql-k8s-1/charm/lib/charms/tempo_k8s/v1/charm_tracing.py", line 647, in wrapped_function
    return callable(*args, **kwargs)  # type: ignore
  File "/var/lib/juju/agents/unit-postgresql-k8s-1/charm/lib/charms/postgresql_k8s/v0/postgresql.py", line 131, in _connect_to_database
    connection = psycopg2.connect(
  File "/var/lib/juju/agents/unit-postgresql-k8s-1/charm/venv/psycopg2/__init__.py", line 122, in connect
    conn = _connect(dsn, connection_factory=connection_factory, **kwasync)
psycopg2.OperationalError: connection to server at "postgresql-k8s-primary.test.svc.cluster.local" (10.152.183.127), port 5432 failed: Connection refused
	Is the server running on that host and accepting TCP/IP connections?


During handling of the above exception, another exception occurred:

Traceback (most recent call last):
  File "/var/lib/juju/agents/unit-postgresql-k8s-1/charm/./src/charm.py", line 639, in enable_disable_extensions
    self.postgresql.enable_disable_extensions(extensions, database)
  File "/var/lib/juju/agents/unit-postgresql-k8s-1/charm/lib/charms/tempo_k8s/v1/charm_tracing.py", line 647, in wrapped_function
    return callable(*args, **kwargs)  # type: ignore
  File "/var/lib/juju/agents/unit-postgresql-k8s-1/charm/lib/charms/postgresql_k8s/v0/postgresql.py", line 331, in enable_disable_extensions
    raise PostgreSQLEnableDisableExtensionError()
charms.postgresql_k8s.v0.postgresql.PostgreSQLEnableDisableExtensionError

[32mINFO    [0m pytest_operator.plugin:plugin.py:947 Forgetting model main...